{"/Users/tatiana/study/game_of_life/src/components/Controls/Controls.tsx": {"path":"/Users/tatiana/study/game_of_life/src/components/Controls/Controls.tsx","statementMap":{"0":{"start":{"line":18,"column":43},"end":{"line":78,"column":1}},"1":{"start":{"line":19,"column":37},"end":{"line":19,"column":42}},"2":{"start":{"line":20,"column":22},"end":{"line":27,"column":3}},"3":{"start":{"line":22,"column":6},"end":{"line":24,"column":8}},"4":{"start":{"line":23,"column":8},"end":{"line":23,"column":27}},"5":{"start":{"line":29,"column":2},"end":{"line":77,"column":4}}},"fnMap":{"0":{"name":"(anonymous_0)","decl":{"start":{"line":18,"column":43},"end":{"line":18,"column":44}},"loc":{"start":{"line":18,"column":52},"end":{"line":78,"column":1}},"line":18},"1":{"name":"(anonymous_1)","decl":{"start":{"line":21,"column":4},"end":{"line":21,"column":5}},"loc":{"start":{"line":21,"column":23},"end":{"line":25,"column":5}},"line":21},"2":{"name":"(anonymous_2)","decl":{"start":{"line":22,"column":13},"end":{"line":22,"column":14}},"loc":{"start":{"line":22,"column":19},"end":{"line":24,"column":7}},"line":22}},"branchMap":{},"s":{"0":1,"1":6,"2":6,"3":24,"4":4,"5":6},"f":{"0":6,"1":24,"2":4},"b":{},"_coverageSchema":"1a1c01bbd47fc00a2c39e90264f33305004495a9","hash":"efbe51ba7217e0c2ee0c2d39811ce7cfd591840e"}
,"/Users/tatiana/study/game_of_life/src/components/Controls/ControlsStyles.ts": {"path":"/Users/tatiana/study/game_of_life/src/components/Controls/ControlsStyles.ts","statementMap":{"0":{"start":{"line":3,"column":26},"end":{"line":17,"column":1}}},"fnMap":{},"branchMap":{},"s":{"0":1},"f":{},"b":{},"_coverageSchema":"1a1c01bbd47fc00a2c39e90264f33305004495a9","hash":"fbbc6142bc982f9398dfb782f22ebe89c7aa932c"}
,"/Users/tatiana/study/game_of_life/src/components/PercentFilled/PercentFilled.tsx": {"path":"/Users/tatiana/study/game_of_life/src/components/PercentFilled/PercentFilled.tsx","statementMap":{"0":{"start":{"line":8,"column":53},"end":{"line":38,"column":1}},"1":{"start":{"line":9,"column":28},"end":{"line":9,"column":33}},"2":{"start":{"line":10,"column":28},"end":{"line":10,"column":57}},"3":{"start":{"line":11,"column":23},"end":{"line":22,"column":3}},"4":{"start":{"line":12,"column":22},"end":{"line":12,"column":34}},"5":{"start":{"line":13,"column":4},"end":{"line":21,"column":5}},"6":{"start":{"line":14,"column":22},"end":{"line":14,"column":64}},"7":{"start":{"line":15,"column":29},"end":{"line":15,"column":59}},"8":{"start":{"line":16,"column":6},"end":{"line":16,"column":31}},"9":{"start":{"line":17,"column":6},"end":{"line":17,"column":53}},"10":{"start":{"line":19,"column":6},"end":{"line":19,"column":22}},"11":{"start":{"line":20,"column":6},"end":{"line":20,"column":40}},"12":{"start":{"line":24,"column":2},"end":{"line":37,"column":4}}},"fnMap":{"0":{"name":"(anonymous_0)","decl":{"start":{"line":8,"column":53},"end":{"line":8,"column":54}},"loc":{"start":{"line":8,"column":62},"end":{"line":38,"column":1}},"line":8},"1":{"name":"(anonymous_1)","decl":{"start":{"line":11,"column":23},"end":{"line":11,"column":24}},"loc":{"start":{"line":11,"column":65},"end":{"line":22,"column":3}},"line":11}},"branchMap":{"0":{"loc":{"start":{"line":13,"column":4},"end":{"line":21,"column":5}},"type":"if","locations":[{"start":{"line":13,"column":4},"end":{"line":21,"column":5}},{"start":{"line":13,"column":4},"end":{"line":21,"column":5}}],"line":13},"1":{"loc":{"start":{"line":15,"column":29},"end":{"line":15,"column":59}},"type":"cond-expr","locations":[{"start":{"line":15,"column":46},"end":{"line":15,"column":53}},{"start":{"line":15,"column":56},"end":{"line":15,"column":59}}],"line":15},"2":{"loc":{"start":{"line":17,"column":6},"end":{"line":17,"column":52}},"type":"binary-expr","locations":[{"start":{"line":17,"column":6},"end":{"line":17,"column":19}},{"start":{"line":17,"column":23},"end":{"line":17,"column":52}}],"line":17},"3":{"loc":{"start":{"line":20,"column":6},"end":{"line":20,"column":39}},"type":"binary-expr","locations":[{"start":{"line":20,"column":6},"end":{"line":20,"column":19}},{"start":{"line":20,"column":23},"end":{"line":20,"column":39}}],"line":20}},"s":{"0":2,"1":12,"2":12,"3":12,"4":4,"5":4,"6":3,"7":3,"8":3,"9":3,"10":1,"11":1,"12":12},"f":{"0":12,"1":4},"b":{"0":[3,1],"1":[2,1],"2":[3,3],"3":[1,1]},"_coverageSchema":"1a1c01bbd47fc00a2c39e90264f33305004495a9","hash":"640de856b278eae7c6af4f6f13e58acaaaebcef2"}
,"/Users/tatiana/study/game_of_life/src/components/PercentFilled/index.ts": {"path":"/Users/tatiana/study/game_of_life/src/components/PercentFilled/index.ts","statementMap":{},"fnMap":{},"branchMap":{},"s":{},"f":{},"b":{},"_coverageSchema":"1a1c01bbd47fc00a2c39e90264f33305004495a9","hash":"a2eb389c3533e7b0f1946bba85b2fef1f6cb3301"}
,"/Users/tatiana/study/game_of_life/src/components/RangeLabeledInput/RangeLabeledInput.tsx": {"path":"/Users/tatiana/study/game_of_life/src/components/RangeLabeledInput/RangeLabeledInput.tsx","statementMap":{"0":{"start":{"line":10,"column":61},"end":{"line":54,"column":1}},"1":{"start":{"line":19,"column":6},"end":{"line":19,"column":11}},"2":{"start":{"line":20,"column":19},"end":{"line":23,"column":17}},"3":{"start":{"line":21,"column":26},"end":{"line":21,"column":58}},"4":{"start":{"line":22,"column":4},"end":{"line":22,"column":44}},"5":{"start":{"line":24,"column":28},"end":{"line":24,"column":54}},"6":{"start":{"line":25,"column":28},"end":{"line":25,"column":64}},"7":{"start":{"line":26,"column":23},"end":{"line":30,"column":3}},"8":{"start":{"line":27,"column":34},"end":{"line":27,"column":46}},"9":{"start":{"line":28,"column":4},"end":{"line":28,"column":33}},"10":{"start":{"line":29,"column":4},"end":{"line":29,"column":47}},"11":{"start":{"line":32,"column":2},"end":{"line":34,"column":14}},"12":{"start":{"line":33,"column":4},"end":{"line":33,"column":30}},"13":{"start":{"line":36,"column":2},"end":{"line":53,"column":4}}},"fnMap":{"0":{"name":"(anonymous_0)","decl":{"start":{"line":10,"column":61},"end":{"line":10,"column":62}},"loc":{"start":{"line":10,"column":70},"end":{"line":54,"column":1}},"line":10},"1":{"name":"(anonymous_1)","decl":{"start":{"line":20,"column":31},"end":{"line":20,"column":32}},"loc":{"start":{"line":20,"column":48},"end":{"line":23,"column":3}},"line":20},"2":{"name":"(anonymous_2)","decl":{"start":{"line":26,"column":23},"end":{"line":26,"column":24}},"loc":{"start":{"line":26,"column":65},"end":{"line":30,"column":3}},"line":26},"3":{"name":"(anonymous_3)","decl":{"start":{"line":32,"column":12},"end":{"line":32,"column":13}},"loc":{"start":{"line":32,"column":18},"end":{"line":34,"column":3}},"line":32}},"branchMap":{"0":{"loc":{"start":{"line":15,"column":4},"end":{"line":15,"column":12}},"type":"default-arg","locations":[{"start":{"line":15,"column":10},"end":{"line":15,"column":12}}],"line":15},"1":{"loc":{"start":{"line":16,"column":4},"end":{"line":16,"column":11}},"type":"default-arg","locations":[{"start":{"line":16,"column":10},"end":{"line":16,"column":11}}],"line":16},"2":{"loc":{"start":{"line":17,"column":4},"end":{"line":17,"column":12}},"type":"default-arg","locations":[{"start":{"line":17,"column":11},"end":{"line":17,"column":12}}],"line":17},"3":{"loc":{"start":{"line":21,"column":26},"end":{"line":21,"column":58}},"type":"cond-expr","locations":[{"start":{"line":21,"column":38},"end":{"line":21,"column":52}},{"start":{"line":21,"column":55},"end":{"line":21,"column":58}}],"line":21},"4":{"loc":{"start":{"line":29,"column":4},"end":{"line":29,"column":46}},"type":"binary-expr","locations":[{"start":{"line":29,"column":4},"end":{"line":29,"column":17}},{"start":{"line":29,"column":21},"end":{"line":29,"column":46}}],"line":29}},"s":{"0":2,"1":16,"2":16,"3":30,"4":30,"5":16,"6":16,"7":16,"8":2,"9":2,"10":2,"11":16,"12":14,"13":16},"f":{"0":16,"1":30,"2":2,"3":14},"b":{"0":[16],"1":[16],"2":[16],"3":[5,25],"4":[2,1]},"_coverageSchema":"1a1c01bbd47fc00a2c39e90264f33305004495a9","hash":"c991ef73754ecbaba15aebef6316bb2f51f39554"}
,"/Users/tatiana/study/game_of_life/src/components/RangeLabeledInput/index.ts": {"path":"/Users/tatiana/study/game_of_life/src/components/RangeLabeledInput/index.ts","statementMap":{},"fnMap":{},"branchMap":{},"s":{},"f":{},"b":{},"_coverageSchema":"1a1c01bbd47fc00a2c39e90264f33305004495a9","hash":"cfaf39c20f46861f35f20f06873142a21d8a795a"}
,"/Users/tatiana/study/game_of_life/src/components/Settings/SettingStyle.ts": {"path":"/Users/tatiana/study/game_of_life/src/components/Settings/SettingStyle.ts","statementMap":{"0":{"start":{"line":4,"column":27},"end":{"line":8,"column":1}},"1":{"start":{"line":10,"column":31},"end":{"line":14,"column":1}},"2":{"start":{"line":16,"column":26},"end":{"line":25,"column":2}}},"fnMap":{},"branchMap":{},"s":{"0":1,"1":1,"2":1},"f":{},"b":{},"_coverageSchema":"1a1c01bbd47fc00a2c39e90264f33305004495a9","hash":"c2c11f434a293f705f5ef30f9dc25f4c76ef46b9"}
,"/Users/tatiana/study/game_of_life/src/components/Settings/Settings.tsx": {"path":"/Users/tatiana/study/game_of_life/src/components/Settings/Settings.tsx","statementMap":{"0":{"start":{"line":15,"column":35},"end":{"line":51,"column":1}},"1":{"start":{"line":22,"column":6},"end":{"line":22,"column":11}},"2":{"start":{"line":23,"column":23},"end":{"line":26,"column":3}},"3":{"start":{"line":24,"column":4},"end":{"line":24,"column":27}},"4":{"start":{"line":25,"column":4},"end":{"line":25,"column":15}},"5":{"start":{"line":28,"column":2},"end":{"line":50,"column":4}}},"fnMap":{"0":{"name":"(anonymous_0)","decl":{"start":{"line":15,"column":35},"end":{"line":15,"column":36}},"loc":{"start":{"line":15,"column":44},"end":{"line":51,"column":1}},"line":15},"1":{"name":"(anonymous_1)","decl":{"start":{"line":23,"column":23},"end":{"line":23,"column":24}},"loc":{"start":{"line":23,"column":63},"end":{"line":26,"column":3}},"line":23}},"branchMap":{"0":{"loc":{"start":{"line":18,"column":4},"end":{"line":18,"column":39}},"type":"default-arg","locations":[{"start":{"line":18,"column":12},"end":{"line":18,"column":39}}],"line":18},"1":{"loc":{"start":{"line":19,"column":4},"end":{"line":19,"column":37}},"type":"default-arg","locations":[{"start":{"line":19,"column":11},"end":{"line":19,"column":37}}],"line":19},"2":{"loc":{"start":{"line":20,"column":4},"end":{"line":20,"column":40}},"type":"default-arg","locations":[{"start":{"line":20,"column":12},"end":{"line":20,"column":40}}],"line":20}},"s":{"0":1,"1":3,"2":3,"3":2,"4":2,"5":3},"f":{"0":3,"1":2},"b":{"0":[3],"1":[3],"2":[3]},"_coverageSchema":"1a1c01bbd47fc00a2c39e90264f33305004495a9","hash":"0e1cb184fb26ac234d20423595f926f31b18847d"}
,"/Users/tatiana/study/game_of_life/src/constants/index.ts": {"path":"/Users/tatiana/study/game_of_life/src/constants/index.ts","statementMap":{"0":{"start":{"line":1,"column":20},"end":{"line":1,"column":26}},"1":{"start":{"line":2,"column":20},"end":{"line":2,"column":26}},"2":{"start":{"line":3,"column":20},"end":{"line":3,"column":26}},"3":{"start":{"line":4,"column":21},"end":{"line":4,"column":28}},"4":{"start":{"line":5,"column":21},"end":{"line":5,"column":28}}},"fnMap":{},"branchMap":{},"s":{"0":1,"1":1,"2":1,"3":1,"4":1},"f":{},"b":{},"_coverageSchema":"1a1c01bbd47fc00a2c39e90264f33305004495a9","hash":"6a1b356a3e61f632ec3e4c37ce8bd74fd256eca0"}
,"/Users/tatiana/study/game_of_life/src/hooks/useStoreSelector.ts": {"path":"/Users/tatiana/study/game_of_life/src/hooks/useStoreSelector.ts","statementMap":{"0":{"start":{"line":5,"column":2},"end":{"line":5,"column":31}}},"fnMap":{"0":{"name":"useStoreSelector","decl":{"start":{"line":4,"column":16},"end":{"line":4,"column":32}},"loc":{"start":{"line":4,"column":80},"end":{"line":6,"column":1}},"line":4}},"branchMap":{},"s":{"0":2},"f":{"0":2},"b":{},"_coverageSchema":"1a1c01bbd47fc00a2c39e90264f33305004495a9","hash":"5177033f8aef9b57530a600c5562f2559d96cc1f"}
,"/Users/tatiana/study/game_of_life/src/layouts/LayoutStyles.ts": {"path":"/Users/tatiana/study/game_of_life/src/layouts/LayoutStyles.ts","statementMap":{"0":{"start":{"line":3,"column":22},"end":{"line":8,"column":1}},"1":{"start":{"line":7,"column":47},"end":{"line":7,"column":57}}},"fnMap":{"0":{"name":"(anonymous_0)","decl":{"start":{"line":7,"column":16},"end":{"line":7,"column":17}},"loc":{"start":{"line":7,"column":47},"end":{"line":7,"column":57}},"line":7}},"branchMap":{"0":{"loc":{"start":{"line":7,"column":19},"end":{"line":7,"column":40}},"type":"default-arg","locations":[{"start":{"line":7,"column":32},"end":{"line":7,"column":40}}],"line":7}},"s":{"0":2,"1":3},"f":{"0":3},"b":{"0":[0]},"_coverageSchema":"1a1c01bbd47fc00a2c39e90264f33305004495a9","hash":"ce741fafcb34b028323a4c1dc148a44d49b3d7eb"}
,"/Users/tatiana/study/game_of_life/src/layouts/WithHeadbarLayout.tsx": {"path":"/Users/tatiana/study/game_of_life/src/layouts/WithHeadbarLayout.tsx","statementMap":{"0":{"start":{"line":6,"column":43},"end":{"line":16,"column":1}},"1":{"start":{"line":7,"column":16},"end":{"line":7,"column":26}},"2":{"start":{"line":8,"column":2},"end":{"line":15,"column":4}}},"fnMap":{"0":{"name":"(anonymous_0)","decl":{"start":{"line":6,"column":43},"end":{"line":6,"column":44}},"loc":{"start":{"line":6,"column":54},"end":{"line":16,"column":1}},"line":6}},"branchMap":{},"s":{"0":1,"1":2,"2":2},"f":{"0":2},"b":{},"_coverageSchema":"1a1c01bbd47fc00a2c39e90264f33305004495a9","hash":"0f155a33bb200f36ba0236004214aece6ffbf5f0"}
,"/Users/tatiana/study/game_of_life/src/layouts/WithoutHeadbarLayout.tsx": {"path":"/Users/tatiana/study/game_of_life/src/layouts/WithoutHeadbarLayout.tsx","statementMap":{"0":{"start":{"line":5,"column":46},"end":{"line":14,"column":1}},"1":{"start":{"line":6,"column":16},"end":{"line":6,"column":26}},"2":{"start":{"line":7,"column":2},"end":{"line":13,"column":4}}},"fnMap":{"0":{"name":"(anonymous_0)","decl":{"start":{"line":5,"column":46},"end":{"line":5,"column":47}},"loc":{"start":{"line":5,"column":57},"end":{"line":14,"column":1}},"line":5}},"branchMap":{},"s":{"0":1,"1":1,"2":1},"f":{"0":1},"b":{},"_coverageSchema":"1a1c01bbd47fc00a2c39e90264f33305004495a9","hash":"c9129083fd6c74992c67aaf8a41a49c8c31de619"}
,"/Users/tatiana/study/game_of_life/src/modules/App/duck/reducer.ts": {"path":"/Users/tatiana/study/game_of_life/src/modules/App/duck/reducer.ts","statementMap":{"0":{"start":{"line":9,"column":34},"end":{"line":12,"column":1}},"1":{"start":{"line":13,"column":24},"end":{"line":24,"column":2}},"2":{"start":{"line":18,"column":6},"end":{"line":18,"column":29}},"3":{"start":{"line":21,"column":6},"end":{"line":21,"column":41}}},"fnMap":{"0":{"name":"(anonymous_0)","decl":{"start":{"line":17,"column":15},"end":{"line":17,"column":16}},"loc":{"start":{"line":17,"column":62},"end":{"line":19,"column":5}},"line":17},"1":{"name":"(anonymous_1)","decl":{"start":{"line":20,"column":17},"end":{"line":20,"column":18}},"loc":{"start":{"line":20,"column":28},"end":{"line":22,"column":5}},"line":20}},"branchMap":{},"s":{"0":3,"1":3,"2":1,"3":1},"f":{"0":1,"1":1},"b":{},"_coverageSchema":"1a1c01bbd47fc00a2c39e90264f33305004495a9","hash":"7422e6cb107e0b7297ceca5840969f2bd1fc4362"}
,"/Users/tatiana/study/game_of_life/src/modules/Field/canvasFunctions.ts": {"path":"/Users/tatiana/study/game_of_life/src/modules/Field/canvasFunctions.ts","statementMap":{"0":{"start":{"line":3,"column":30},"end":{"line":8,"column":1}},"1":{"start":{"line":4,"column":17},"end":{"line":4,"column":30}},"2":{"start":{"line":5,"column":2},"end":{"line":5,"column":27}},"3":{"start":{"line":6,"column":2},"end":{"line":6,"column":28}},"4":{"start":{"line":7,"column":2},"end":{"line":7,"column":30}},"5":{"start":{"line":19,"column":27},"end":{"line":46,"column":1}},"6":{"start":{"line":23,"column":16},"end":{"line":23,"column":43}},"7":{"start":{"line":24,"column":20},"end":{"line":24,"column":56}},"8":{"start":{"line":25,"column":20},"end":{"line":25,"column":63}},"9":{"start":{"line":26,"column":16},"end":{"line":28,"column":3}},"10":{"start":{"line":29,"column":15},"end":{"line":31,"column":3}},"11":{"start":{"line":32,"column":17},"end":{"line":34,"column":3}},"12":{"start":{"line":35,"column":20},"end":{"line":35,"column":60}},"13":{"start":{"line":36,"column":19},"end":{"line":36,"column":58}},"14":{"start":{"line":37,"column":21},"end":{"line":37,"column":62}},"15":{"start":{"line":38,"column":2},"end":{"line":45,"column":4}},"16":{"start":{"line":48,"column":25},"end":{"line":61,"column":1}},"17":{"start":{"line":49,"column":51},"end":{"line":49,"column":59}},"18":{"start":{"line":50,"column":2},"end":{"line":50,"column":15}},"19":{"start":{"line":51,"column":2},"end":{"line":60,"column":5}},"20":{"start":{"line":52,"column":4},"end":{"line":59,"column":7}},"21":{"start":{"line":53,"column":6},"end":{"line":58,"column":7}},"22":{"start":{"line":54,"column":24},"end":{"line":54,"column":60}},"23":{"start":{"line":55,"column":21},"end":{"line":55,"column":47}},"24":{"start":{"line":56,"column":18},"end":{"line":56,"column":60}},"25":{"start":{"line":57,"column":8},"end":{"line":57,"column":35}}},"fnMap":{"0":{"name":"(anonymous_0)","decl":{"start":{"line":3,"column":30},"end":{"line":3,"column":31}},"loc":{"start":{"line":3,"column":83},"end":{"line":8,"column":1}},"line":3},"1":{"name":"(anonymous_1)","decl":{"start":{"line":19,"column":27},"end":{"line":19,"column":28}},"loc":{"start":{"line":22,"column":15},"end":{"line":46,"column":1}},"line":22},"2":{"name":"(anonymous_2)","decl":{"start":{"line":48,"column":25},"end":{"line":48,"column":26}},"loc":{"start":{"line":48,"column":82},"end":{"line":61,"column":1}},"line":48},"3":{"name":"(anonymous_3)","decl":{"start":{"line":51,"column":16},"end":{"line":51,"column":17}},"loc":{"start":{"line":51,"column":48},"end":{"line":60,"column":3}},"line":51},"4":{"name":"(anonymous_4)","decl":{"start":{"line":52,"column":18},"end":{"line":52,"column":19}},"loc":{"start":{"line":52,"column":39},"end":{"line":59,"column":5}},"line":52}},"branchMap":{"0":{"loc":{"start":{"line":53,"column":6},"end":{"line":58,"column":7}},"type":"if","locations":[{"start":{"line":53,"column":6},"end":{"line":58,"column":7}},{"start":{"line":53,"column":6},"end":{"line":58,"column":7}}],"line":53},"1":{"loc":{"start":{"line":54,"column":24},"end":{"line":54,"column":60}},"type":"cond-expr","locations":[{"start":{"line":54,"column":47},"end":{"line":54,"column":51}},{"start":{"line":54,"column":54},"end":{"line":54,"column":60}}],"line":54},"2":{"loc":{"start":{"line":54,"column":24},"end":{"line":54,"column":44}},"type":"binary-expr","locations":[{"start":{"line":54,"column":24},"end":{"line":54,"column":32}},{"start":{"line":54,"column":36},"end":{"line":54,"column":44}}],"line":54},"3":{"loc":{"start":{"line":55,"column":21},"end":{"line":55,"column":47}},"type":"cond-expr","locations":[{"start":{"line":55,"column":32},"end":{"line":55,"column":37}},{"start":{"line":55,"column":40},"end":{"line":55,"column":47}}],"line":55}},"s":{"0":1,"1":3,"2":3,"3":3,"4":3,"5":1,"6":2,"7":2,"8":2,"9":2,"10":2,"11":2,"12":2,"13":2,"14":2,"15":2,"16":1,"17":1,"18":1,"19":1,"20":3,"21":9,"22":5,"23":5,"24":5,"25":5},"f":{"0":3,"1":2,"2":1,"3":3,"4":9},"b":{"0":[5,4],"1":[2,3],"2":[5,4],"3":[1,4]},"_coverageSchema":"1a1c01bbd47fc00a2c39e90264f33305004495a9","hash":"4de7121fccc0bbec31e42df63af0e4d31b605da8"}
,"/Users/tatiana/study/game_of_life/src/modules/Field/helper.ts": {"path":"/Users/tatiana/study/game_of_life/src/modules/Field/helper.ts","statementMap":{"0":{"start":{"line":1,"column":38},"end":{"line":10,"column":1}},"1":{"start":{"line":5,"column":15},"end":{"line":5,"column":58}},"2":{"start":{"line":6,"column":2},"end":{"line":8,"column":3}},"3":{"start":{"line":7,"column":4},"end":{"line":7,"column":44}},"4":{"start":{"line":9,"column":2},"end":{"line":9,"column":14}},"5":{"start":{"line":12,"column":28},"end":{"line":22,"column":1}},"6":{"start":{"line":16,"column":26},"end":{"line":16,"column":30}},"7":{"start":{"line":17,"column":15},"end":{"line":17,"column":39}},"8":{"start":{"line":18,"column":2},"end":{"line":21,"column":4}},"9":{"start":{"line":24,"column":31},"end":{"line":37,"column":1}},"10":{"start":{"line":29,"column":17},"end":{"line":29,"column":22}},"11":{"start":{"line":30,"column":27},"end":{"line":30,"column":29}},"12":{"start":{"line":31,"column":23},"end":{"line":31,"column":59}},"13":{"start":{"line":32,"column":2},"end":{"line":35,"column":3}},"14":{"start":{"line":33,"column":17},"end":{"line":33,"column":55}},"15":{"start":{"line":34,"column":4},"end":{"line":34,"column":22}},"16":{"start":{"line":36,"column":2},"end":{"line":36,"column":16}},"17":{"start":{"line":39,"column":25},"end":{"line":58,"column":1}},"18":{"start":{"line":45,"column":19},"end":{"line":45,"column":71}},"19":{"start":{"line":46,"column":22},"end":{"line":48,"column":32}},"20":{"start":{"line":48,"column":15},"end":{"line":48,"column":31}},"21":{"start":{"line":49,"column":2},"end":{"line":56,"column":5}},"22":{"start":{"line":50,"column":16},"end":{"line":50,"column":48}},"23":{"start":{"line":51,"column":4},"end":{"line":55,"column":5}},"24":{"start":{"line":52,"column":6},"end":{"line":52,"column":58}},"25":{"start":{"line":54,"column":6},"end":{"line":54,"column":36}},"26":{"start":{"line":57,"column":2},"end":{"line":57,"column":21}},"27":{"start":{"line":60,"column":29},"end":{"line":79,"column":1}},"28":{"start":{"line":61,"column":36},"end":{"line":70,"column":3}},"29":{"start":{"line":71,"column":16},"end":{"line":71,"column":31}},"30":{"start":{"line":72,"column":17},"end":{"line":72,"column":29}},"31":{"start":{"line":73,"column":19},"end":{"line":77,"column":4}},"32":{"start":{"line":75,"column":6},"end":{"line":75,"column":65}},"33":{"start":{"line":76,"column":4},"end":{"line":76,"column":50}},"34":{"start":{"line":78,"column":2},"end":{"line":78,"column":25}},"35":{"start":{"line":81,"column":29},"end":{"line":89,"column":1}},"36":{"start":{"line":82,"column":2},"end":{"line":88,"column":5}},"37":{"start":{"line":83,"column":4},"end":{"line":87,"column":7}},"38":{"start":{"line":84,"column":23},"end":{"line":84,"column":49}},"39":{"start":{"line":85,"column":20},"end":{"line":85,"column":76}},"40":{"start":{"line":86,"column":6},"end":{"line":86,"column":34}}},"fnMap":{"0":{"name":"(anonymous_0)","decl":{"start":{"line":1,"column":38},"end":{"line":1,"column":39}},"loc":{"start":{"line":4,"column":13},"end":{"line":10,"column":1}},"line":4},"1":{"name":"(anonymous_1)","decl":{"start":{"line":12,"column":28},"end":{"line":12,"column":29}},"loc":{"start":{"line":15,"column":32},"end":{"line":22,"column":1}},"line":15},"2":{"name":"(anonymous_2)","decl":{"start":{"line":24,"column":31},"end":{"line":24,"column":32}},"loc":{"start":{"line":28,"column":15},"end":{"line":37,"column":1}},"line":28},"3":{"name":"(anonymous_3)","decl":{"start":{"line":39,"column":25},"end":{"line":39,"column":26}},"loc":{"start":{"line":44,"column":17},"end":{"line":58,"column":1}},"line":44},"4":{"name":"(anonymous_4)","decl":{"start":{"line":48,"column":9},"end":{"line":48,"column":10}},"loc":{"start":{"line":48,"column":15},"end":{"line":48,"column":31}},"line":48},"5":{"name":"(anonymous_5)","decl":{"start":{"line":49,"column":17},"end":{"line":49,"column":18}},"loc":{"start":{"line":49,"column":25},"end":{"line":56,"column":3}},"line":49},"6":{"name":"(anonymous_6)","decl":{"start":{"line":60,"column":29},"end":{"line":60,"column":30}},"loc":{"start":{"line":60,"column":74},"end":{"line":79,"column":1}},"line":60},"7":{"name":"(anonymous_7)","decl":{"start":{"line":73,"column":32},"end":{"line":73,"column":33}},"loc":{"start":{"line":73,"column":70},"end":{"line":77,"column":3}},"line":73},"8":{"name":"(anonymous_8)","decl":{"start":{"line":81,"column":29},"end":{"line":81,"column":30}},"loc":{"start":{"line":81,"column":64},"end":{"line":89,"column":1}},"line":81},"9":{"name":"(anonymous_9)","decl":{"start":{"line":82,"column":19},"end":{"line":82,"column":20}},"loc":{"start":{"line":82,"column":49},"end":{"line":88,"column":3}},"line":82},"10":{"name":"(anonymous_10)","decl":{"start":{"line":83,"column":19},"end":{"line":83,"column":20}},"loc":{"start":{"line":83,"column":48},"end":{"line":87,"column":5}},"line":83}},"branchMap":{"0":{"loc":{"start":{"line":6,"column":2},"end":{"line":8,"column":3}},"type":"if","locations":[{"start":{"line":6,"column":2},"end":{"line":8,"column":3}},{"start":{"line":6,"column":2},"end":{"line":8,"column":3}}],"line":6},"1":{"loc":{"start":{"line":45,"column":19},"end":{"line":45,"column":71}},"type":"binary-expr","locations":[{"start":{"line":45,"column":19},"end":{"line":45,"column":24}},{"start":{"line":45,"column":28},"end":{"line":45,"column":46}},{"start":{"line":45,"column":50},"end":{"line":45,"column":71}}],"line":45},"2":{"loc":{"start":{"line":51,"column":4},"end":{"line":55,"column":5}},"type":"if","locations":[{"start":{"line":51,"column":4},"end":{"line":55,"column":5}},{"start":{"line":51,"column":4},"end":{"line":55,"column":5}}],"line":51},"3":{"loc":{"start":{"line":51,"column":8},"end":{"line":51,"column":52}},"type":"binary-expr","locations":[{"start":{"line":51,"column":8},"end":{"line":51,"column":16}},{"start":{"line":51,"column":20},"end":{"line":51,"column":25}},{"start":{"line":51,"column":29},"end":{"line":51,"column":52}}],"line":51},"4":{"loc":{"start":{"line":75,"column":6},"end":{"line":75,"column":65}},"type":"binary-expr","locations":[{"start":{"line":75,"column":6},"end":{"line":75,"column":16}},{"start":{"line":75,"column":20},"end":{"line":75,"column":30}},{"start":{"line":75,"column":34},"end":{"line":75,"column":47}},{"start":{"line":75,"column":51},"end":{"line":75,"column":65}}],"line":75},"5":{"loc":{"start":{"line":76,"column":11},"end":{"line":76,"column":49}},"type":"binary-expr","locations":[{"start":{"line":76,"column":11},"end":{"line":76,"column":22}},{"start":{"line":76,"column":26},"end":{"line":76,"column":49}}],"line":76},"6":{"loc":{"start":{"line":85,"column":20},"end":{"line":85,"column":76}},"type":"cond-expr","locations":[{"start":{"line":85,"column":31},"end":{"line":85,"column":59}},{"start":{"line":85,"column":62},"end":{"line":85,"column":76}}],"line":85},"7":{"loc":{"start":{"line":85,"column":31},"end":{"line":85,"column":59}},"type":"binary-expr","locations":[{"start":{"line":85,"column":31},"end":{"line":85,"column":43}},{"start":{"line":85,"column":47},"end":{"line":85,"column":59}}],"line":85},"8":{"loc":{"start":{"line":86,"column":13},"end":{"line":86,"column":33}},"type":"cond-expr","locations":[{"start":{"line":86,"column":21},"end":{"line":86,"column":29}},{"start":{"line":86,"column":32},"end":{"line":86,"column":33}}],"line":86}},"s":{"0":1,"1":16,"2":16,"3":3,"4":13,"5":1,"6":6,"7":6,"8":6,"9":1,"10":2,"11":2,"12":2,"13":2,"14":12,"15":12,"16":2,"17":1,"18":2,"19":2,"20":4,"21":2,"22":4,"23":4,"24":1,"25":3,"26":2,"27":1,"28":30,"29":30,"30":30,"31":30,"32":240,"33":240,"34":30,"35":1,"36":3,"37":9,"38":27,"39":27,"40":27},"f":{"0":16,"1":6,"2":2,"3":2,"4":4,"5":4,"6":30,"7":240,"8":3,"9":9,"10":27},"b":{"0":[3,13],"1":[2,1,1],"2":[1,3],"3":[4,2,2],"4":[240,210,181,157],"5":[240,134],"6":[9,18],"7":[9,9],"8":[7,20]},"_coverageSchema":"1a1c01bbd47fc00a2c39e90264f33305004495a9","hash":"1a035076aca87c297b24160114f8a56b31313b75"}
,"/Users/tatiana/study/game_of_life/src/modules/Headbar/Headbar.tsx": {"path":"/Users/tatiana/study/game_of_life/src/modules/Headbar/Headbar.tsx","statementMap":{"0":{"start":{"line":8,"column":27},"end":{"line":27,"column":1}},"1":{"start":{"line":9,"column":19},"end":{"line":9,"column":32}},"2":{"start":{"line":10,"column":15},"end":{"line":10,"column":57}},"3":{"start":{"line":10,"column":41},"end":{"line":10,"column":56}},"4":{"start":{"line":12,"column":19},"end":{"line":14,"column":3}},"5":{"start":{"line":13,"column":4},"end":{"line":13,"column":41}},"6":{"start":{"line":15,"column":22},"end":{"line":17,"column":3}},"7":{"start":{"line":16,"column":4},"end":{"line":16,"column":45}},"8":{"start":{"line":20,"column":2},"end":{"line":26,"column":4}}},"fnMap":{"0":{"name":"(anonymous_0)","decl":{"start":{"line":8,"column":27},"end":{"line":8,"column":28}},"loc":{"start":{"line":8,"column":33},"end":{"line":27,"column":1}},"line":8},"1":{"name":"(anonymous_1)","decl":{"start":{"line":10,"column":32},"end":{"line":10,"column":33}},"loc":{"start":{"line":10,"column":41},"end":{"line":10,"column":56}},"line":10},"2":{"name":"(anonymous_2)","decl":{"start":{"line":12,"column":19},"end":{"line":12,"column":20}},"loc":{"start":{"line":12,"column":25},"end":{"line":14,"column":3}},"line":12},"3":{"name":"(anonymous_3)","decl":{"start":{"line":15,"column":22},"end":{"line":15,"column":23}},"loc":{"start":{"line":15,"column":28},"end":{"line":17,"column":3}},"line":15}},"branchMap":{},"s":{"0":1,"1":2,"2":2,"3":4,"4":2,"5":0,"6":2,"7":0,"8":2},"f":{"0":2,"1":4,"2":0,"3":0},"b":{},"_coverageSchema":"1a1c01bbd47fc00a2c39e90264f33305004495a9","hash":"f6c8497c10d8b55709d47b3003da7e00d7343d1b"}
,"/Users/tatiana/study/game_of_life/src/modules/Headbar/Header.tsx": {"path":"/Users/tatiana/study/game_of_life/src/modules/Headbar/Header.tsx","statementMap":{"0":{"start":{"line":9,"column":39},"end":{"line":49,"column":1}},"1":{"start":{"line":10,"column":47},"end":{"line":10,"column":52}},"2":{"start":{"line":11,"column":16},"end":{"line":11,"column":26}},"3":{"start":{"line":13,"column":2},"end":{"line":48,"column":4}}},"fnMap":{"0":{"name":"(anonymous_0)","decl":{"start":{"line":9,"column":39},"end":{"line":9,"column":40}},"loc":{"start":{"line":9,"column":50},"end":{"line":49,"column":1}},"line":9}},"branchMap":{"0":{"loc":{"start":{"line":10,"column":10},"end":{"line":10,"column":19}},"type":"default-arg","locations":[{"start":{"line":10,"column":17},"end":{"line":10,"column":19}}],"line":10}},"s":{"0":2,"1":6,"2":6,"3":6},"f":{"0":6},"b":{"0":[1]},"_coverageSchema":"1a1c01bbd47fc00a2c39e90264f33305004495a9","hash":"444a621713a24439c2592818d66485cee763199f"}
,"/Users/tatiana/study/game_of_life/src/modules/Headbar/index.ts": {"path":"/Users/tatiana/study/game_of_life/src/modules/Headbar/index.ts","statementMap":{},"fnMap":{},"branchMap":{},"s":{},"f":{},"b":{},"_coverageSchema":"1a1c01bbd47fc00a2c39e90264f33305004495a9","hash":"9b40e58fdee4ec96dba35a54c26d5c97f2ba06f9"}
,"/Users/tatiana/study/game_of_life/src/modules/Login/components/LoginForm/LoginForm.tsx": {"path":"/Users/tatiana/study/game_of_life/src/modules/Login/components/LoginForm/LoginForm.tsx","statementMap":{"0":{"start":{"line":21,"column":60},"end":{"line":70,"column":1}},"1":{"start":{"line":22,"column":25},"end":{"line":22,"column":47}},"2":{"start":{"line":24,"column":16},"end":{"line":24,"column":26}},"3":{"start":{"line":25,"column":31},"end":{"line":25,"column":51}},"4":{"start":{"line":26,"column":21},"end":{"line":28,"column":3}},"5":{"start":{"line":27,"column":4},"end":{"line":27,"column":28}},"6":{"start":{"line":29,"column":23},"end":{"line":32,"column":3}},"7":{"start":{"line":30,"column":4},"end":{"line":30,"column":23}},"8":{"start":{"line":31,"column":4},"end":{"line":31,"column":34}},"9":{"start":{"line":34,"column":2},"end":{"line":69,"column":4}}},"fnMap":{"0":{"name":"(anonymous_0)","decl":{"start":{"line":21,"column":60},"end":{"line":21,"column":61}},"loc":{"start":{"line":23,"column":6},"end":{"line":70,"column":1}},"line":23},"1":{"name":"(anonymous_1)","decl":{"start":{"line":22,"column":13},"end":{"line":22,"column":14}},"loc":{"start":{"line":22,"column":25},"end":{"line":22,"column":47}},"line":22},"2":{"name":"(anonymous_2)","decl":{"start":{"line":26,"column":21},"end":{"line":26,"column":22}},"loc":{"start":{"line":26,"column":65},"end":{"line":28,"column":3}},"line":26},"3":{"name":"(anonymous_3)","decl":{"start":{"line":29,"column":23},"end":{"line":29,"column":24}},"loc":{"start":{"line":29,"column":65},"end":{"line":32,"column":3}},"line":29}},"branchMap":{"0":{"loc":{"start":{"line":22,"column":2},"end":{"line":22,"column":47}},"type":"default-arg","locations":[{"start":{"line":22,"column":13},"end":{"line":22,"column":47}}],"line":22}},"s":{"0":1,"1":0,"2":3,"3":3,"4":3,"5":1,"6":3,"7":1,"8":1,"9":3},"f":{"0":3,"1":0,"2":1,"3":1},"b":{"0":[0]},"_coverageSchema":"1a1c01bbd47fc00a2c39e90264f33305004495a9","hash":"da8d4ab308ad4f30efc1df179ecac0384acc221d"}
,"/Users/tatiana/study/game_of_life/src/modules/Login/duck/api.ts": {"path":"/Users/tatiana/study/game_of_life/src/modules/Login/duck/api.ts","statementMap":{"0":{"start":{"line":3,"column":21},"end":{"line":7,"column":1}},"1":{"start":{"line":4,"column":2},"end":{"line":4,"column":20}},"2":{"start":{"line":6,"column":2},"end":{"line":6,"column":38}},"3":{"start":{"line":9,"column":22},"end":{"line":12,"column":1}},"4":{"start":{"line":10,"column":2},"end":{"line":10,"column":20}},"5":{"start":{"line":11,"column":2},"end":{"line":11,"column":35}},"6":{"start":{"line":14,"column":27},"end":{"line":17,"column":1}},"7":{"start":{"line":15,"column":2},"end":{"line":15,"column":20}},"8":{"start":{"line":16,"column":2},"end":{"line":16,"column":45}},"9":{"start":{"line":18,"column":26},"end":{"line":22,"column":1}},"10":{"start":{"line":19,"column":2},"end":{"line":19,"column":20}},"11":{"start":{"line":20,"column":16},"end":{"line":20,"column":45}},"12":{"start":{"line":21,"column":2},"end":{"line":21,"column":24}}},"fnMap":{"0":{"name":"(anonymous_0)","decl":{"start":{"line":3,"column":21},"end":{"line":3,"column":22}},"loc":{"start":{"line":3,"column":45},"end":{"line":7,"column":1}},"line":3},"1":{"name":"(anonymous_1)","decl":{"start":{"line":9,"column":22},"end":{"line":9,"column":23}},"loc":{"start":{"line":9,"column":34},"end":{"line":12,"column":1}},"line":9},"2":{"name":"(anonymous_2)","decl":{"start":{"line":14,"column":27},"end":{"line":14,"column":28}},"loc":{"start":{"line":14,"column":57},"end":{"line":17,"column":1}},"line":14},"3":{"name":"(anonymous_3)","decl":{"start":{"line":18,"column":26},"end":{"line":18,"column":27}},"loc":{"start":{"line":18,"column":38},"end":{"line":22,"column":1}},"line":18}},"branchMap":{"0":{"loc":{"start":{"line":16,"column":9},"end":{"line":16,"column":44}},"type":"binary-expr","locations":[{"start":{"line":16,"column":9},"end":{"line":16,"column":38}},{"start":{"line":16,"column":42},"end":{"line":16,"column":44}}],"line":16}},"s":{"0":2,"1":1,"2":1,"3":2,"4":1,"5":1,"6":2,"7":1,"8":1,"9":2,"10":1,"11":1,"12":1},"f":{"0":1,"1":1,"2":1,"3":1},"b":{"0":[1,1]},"_coverageSchema":"1a1c01bbd47fc00a2c39e90264f33305004495a9","hash":"6af91fcd3dd450f94c4ddb00d340f3043d5c1d93"}
,"/Users/tatiana/study/game_of_life/src/modules/Login/duck/reducer.ts": {"path":"/Users/tatiana/study/game_of_life/src/modules/Login/duck/reducer.ts","statementMap":{"0":{"start":{"line":9,"column":31},"end":{"line":13,"column":1}},"1":{"start":{"line":15,"column":25},"end":{"line":48,"column":2}},"2":{"start":{"line":20,"column":6},"end":{"line":20,"column":19}},"3":{"start":{"line":23,"column":6},"end":{"line":23,"column":31}},"4":{"start":{"line":26,"column":6},"end":{"line":26,"column":27}},"5":{"start":{"line":27,"column":6},"end":{"line":27,"column":26}},"6":{"start":{"line":28,"column":6},"end":{"line":28,"column":31}},"7":{"start":{"line":31,"column":6},"end":{"line":31,"column":27}},"8":{"start":{"line":32,"column":6},"end":{"line":32,"column":29}},"9":{"start":{"line":34,"column":21},"end":{"line":34,"column":26}},"10":{"start":{"line":36,"column":6},"end":{"line":36,"column":31}},"11":{"start":{"line":39,"column":6},"end":{"line":39,"column":22}},"12":{"start":{"line":40,"column":6},"end":{"line":40,"column":27}},"13":{"start":{"line":41,"column":6},"end":{"line":41,"column":31}},"14":{"start":{"line":44,"column":6},"end":{"line":44,"column":27}},"15":{"start":{"line":45,"column":6},"end":{"line":45,"column":29}},"16":{"start":{"line":50,"column":36},"end":{"line":50,"column":45}}},"fnMap":{"0":{"name":"(anonymous_0)","decl":{"start":{"line":19,"column":11},"end":{"line":19,"column":12}},"loc":{"start":{"line":19,"column":53},"end":{"line":21,"column":5}},"line":19},"1":{"name":"(anonymous_1)","decl":{"start":{"line":22,"column":18},"end":{"line":22,"column":19}},"loc":{"start":{"line":22,"column":27},"end":{"line":24,"column":5}},"line":22},"2":{"name":"(anonymous_2)","decl":{"start":{"line":25,"column":18},"end":{"line":25,"column":19}},"loc":{"start":{"line":25,"column":65},"end":{"line":29,"column":5}},"line":25},"3":{"name":"(anonymous_3)","decl":{"start":{"line":30,"column":16},"end":{"line":30,"column":17}},"loc":{"start":{"line":30,"column":25},"end":{"line":33,"column":5}},"line":30},"4":{"name":"(anonymous_4)","decl":{"start":{"line":34,"column":12},"end":{"line":34,"column":13}},"loc":{"start":{"line":34,"column":21},"end":{"line":34,"column":26}},"line":34},"5":{"name":"(anonymous_5)","decl":{"start":{"line":35,"column":19},"end":{"line":35,"column":20}},"loc":{"start":{"line":35,"column":28},"end":{"line":37,"column":5}},"line":35},"6":{"name":"(anonymous_6)","decl":{"start":{"line":38,"column":19},"end":{"line":38,"column":20}},"loc":{"start":{"line":38,"column":28},"end":{"line":42,"column":5}},"line":38},"7":{"name":"(anonymous_7)","decl":{"start":{"line":43,"column":17},"end":{"line":43,"column":18}},"loc":{"start":{"line":43,"column":26},"end":{"line":46,"column":5}},"line":43}},"branchMap":{},"s":{"0":2,"1":2,"2":0,"3":2,"4":2,"5":2,"6":2,"7":1,"8":1,"9":0,"10":2,"11":2,"12":2,"13":2,"14":1,"15":1,"16":2},"f":{"0":0,"1":2,"2":2,"3":1,"4":0,"5":2,"6":2,"7":1},"b":{},"_coverageSchema":"1a1c01bbd47fc00a2c39e90264f33305004495a9","hash":"b5e5d2af25bc9387f0255ca9b3b5b2cd8883dbfd"}
,"/Users/tatiana/study/game_of_life/src/modules/Login/duck/saga.ts": {"path":"/Users/tatiana/study/game_of_life/src/modules/Login/duck/saga.ts","statementMap":{"0":{"start":{"line":9,"column":2},"end":{"line":9,"column":51}},"1":{"start":{"line":10,"column":26},"end":{"line":10,"column":48}},"2":{"start":{"line":11,"column":23},"end":{"line":11,"column":46}},"3":{"start":{"line":12,"column":2},"end":{"line":16,"column":3}},"4":{"start":{"line":13,"column":4},"end":{"line":13,"column":42}},"5":{"start":{"line":15,"column":4},"end":{"line":15,"column":39}},"6":{"start":{"line":17,"column":2},"end":{"line":17,"column":51}},"7":{"start":{"line":21,"column":2},"end":{"line":21,"column":37}},"8":{"start":{"line":22,"column":2},"end":{"line":27,"column":3}},"9":{"start":{"line":23,"column":4},"end":{"line":23,"column":23}},"10":{"start":{"line":24,"column":4},"end":{"line":24,"column":39}},"11":{"start":{"line":26,"column":4},"end":{"line":26,"column":37}},"12":{"start":{"line":31,"column":2},"end":{"line":31,"column":36}},"13":{"start":{"line":32,"column":19},"end":{"line":32,"column":34}},"14":{"start":{"line":33,"column":2},"end":{"line":40,"column":3}},"15":{"start":{"line":34,"column":4},"end":{"line":37,"column":5}},"16":{"start":{"line":35,"column":6},"end":{"line":35,"column":34}},"17":{"start":{"line":36,"column":6},"end":{"line":36,"column":48}},"18":{"start":{"line":39,"column":4},"end":{"line":39,"column":36}},"19":{"start":{"line":44,"column":2},"end":{"line":44,"column":30}},"20":{"start":{"line":45,"column":2},"end":{"line":45,"column":51}},"21":{"start":{"line":46,"column":2},"end":{"line":46,"column":53}}},"fnMap":{"0":{"name":"checkUserWorker","decl":{"start":{"line":8,"column":17},"end":{"line":8,"column":32}},"loc":{"start":{"line":8,"column":35},"end":{"line":18,"column":1}},"line":8},"1":{"name":"logoutWorker","decl":{"start":{"line":20,"column":17},"end":{"line":20,"column":29}},"loc":{"start":{"line":20,"column":32},"end":{"line":28,"column":1}},"line":20},"2":{"name":"loginWorker","decl":{"start":{"line":30,"column":17},"end":{"line":30,"column":28}},"loc":{"start":{"line":30,"column":76},"end":{"line":41,"column":1}},"line":30},"3":{"name":"loginSaga","decl":{"start":{"line":43,"column":17},"end":{"line":43,"column":26}},"loc":{"start":{"line":43,"column":29},"end":{"line":47,"column":1}},"line":43}},"branchMap":{"0":{"loc":{"start":{"line":12,"column":2},"end":{"line":16,"column":3}},"type":"if","locations":[{"start":{"line":12,"column":2},"end":{"line":16,"column":3}},{"start":{"line":12,"column":2},"end":{"line":16,"column":3}}],"line":12},"1":{"loc":{"start":{"line":34,"column":4},"end":{"line":37,"column":5}},"type":"if","locations":[{"start":{"line":34,"column":4},"end":{"line":37,"column":5}},{"start":{"line":34,"column":4},"end":{"line":37,"column":5}}],"line":34}},"s":{"0":2,"1":2,"2":2,"3":2,"4":1,"5":1,"6":2,"7":2,"8":2,"9":2,"10":1,"11":1,"12":2,"13":2,"14":2,"15":2,"16":2,"17":1,"18":1,"19":0,"20":0,"21":0},"f":{"0":2,"1":2,"2":2,"3":0},"b":{"0":[1,1],"1":[2,0]},"_coverageSchema":"1a1c01bbd47fc00a2c39e90264f33305004495a9","hash":"093bb119bc6d8017a6428da882c48085dd2a18ad"}
,"/Users/tatiana/study/game_of_life/src/utils/delay.ts": {"path":"/Users/tatiana/study/game_of_life/src/utils/delay.ts","statementMap":{"0":{"start":{"line":1,"column":21},"end":{"line":2,"column":44}},"1":{"start":{"line":2,"column":4},"end":{"line":2,"column":44}},"2":{"start":{"line":2,"column":25},"end":{"line":2,"column":43}}},"fnMap":{"0":{"name":"(anonymous_0)","decl":{"start":{"line":1,"column":21},"end":{"line":1,"column":22}},"loc":{"start":{"line":2,"column":4},"end":{"line":2,"column":44}},"line":2},"1":{"name":"(anonymous_1)","decl":{"start":{"line":2,"column":16},"end":{"line":2,"column":17}},"loc":{"start":{"line":2,"column":25},"end":{"line":2,"column":43}},"line":2}},"branchMap":{},"s":{"0":3,"1":6,"2":6},"f":{"0":6,"1":6},"b":{},"_coverageSchema":"1a1c01bbd47fc00a2c39e90264f33305004495a9","hash":"3144e716c584656105a7c2d6913d54d1fa1e44f6"}
}
