TN:
SF:src/components/Controls/Controls.tsx
FN:18,(anonymous_0)
FN:21,(anonymous_1)
FN:22,(anonymous_2)
FNF:3
FNH:3
FNDA:6,(anonymous_0)
FNDA:24,(anonymous_1)
FNDA:4,(anonymous_2)
DA:18,1
DA:19,6
DA:20,6
DA:22,24
DA:23,4
DA:29,6
LF:6
LH:6
BRF:0
BRH:0
end_of_record
TN:
SF:src/components/Controls/ControlsStyles.ts
FNF:0
FNH:0
DA:3,1
LF:1
LH:1
BRF:0
BRH:0
end_of_record
TN:
SF:src/components/PercentFilled/PercentFilled.tsx
FN:8,(anonymous_0)
FN:11,(anonymous_1)
FNF:2
FNH:2
FNDA:12,(anonymous_0)
FNDA:4,(anonymous_1)
DA:8,2
DA:9,12
DA:10,12
DA:11,12
DA:12,4
DA:13,4
DA:14,3
DA:15,3
DA:16,3
DA:17,3
DA:19,1
DA:20,1
DA:24,12
LF:13
LH:13
BRDA:13,0,0,3
BRDA:13,0,1,1
BRDA:15,1,0,2
BRDA:15,1,1,1
BRDA:17,2,0,3
BRDA:17,2,1,3
BRDA:20,3,0,1
BRDA:20,3,1,1
BRF:8
BRH:8
end_of_record
TN:
SF:src/components/PercentFilled/index.ts
FNF:0
FNH:0
LF:0
LH:0
BRF:0
BRH:0
end_of_record
TN:
SF:src/components/RangeLabeledInput/RangeLabeledInput.tsx
FN:10,(anonymous_0)
FN:20,(anonymous_1)
FN:26,(anonymous_2)
FN:32,(anonymous_3)
FNF:4
FNH:4
FNDA:16,(anonymous_0)
FNDA:30,(anonymous_1)
FNDA:2,(anonymous_2)
FNDA:14,(anonymous_3)
DA:10,2
DA:19,16
DA:20,16
DA:21,30
DA:22,30
DA:24,16
DA:25,16
DA:26,16
DA:27,2
DA:28,2
DA:29,2
DA:32,16
DA:33,14
DA:36,16
LF:14
LH:14
BRDA:15,0,0,16
BRDA:16,1,0,16
BRDA:17,2,0,16
BRDA:21,3,0,5
BRDA:21,3,1,25
BRDA:29,4,0,2
BRDA:29,4,1,1
BRF:7
BRH:7
end_of_record
TN:
SF:src/components/RangeLabeledInput/index.ts
FNF:0
FNH:0
LF:0
LH:0
BRF:0
BRH:0
end_of_record
TN:
SF:src/components/Settings/SettingStyle.ts
FNF:0
FNH:0
DA:4,1
DA:10,1
DA:16,1
LF:3
LH:3
BRF:0
BRH:0
end_of_record
TN:
SF:src/components/Settings/Settings.tsx
FN:15,(anonymous_0)
FN:23,(anonymous_1)
FNF:2
FNH:2
FNDA:3,(anonymous_0)
FNDA:2,(anonymous_1)
DA:15,1
DA:22,3
DA:23,3
DA:24,2
DA:25,2
DA:28,3
LF:6
LH:6
BRDA:18,0,0,3
BRDA:19,1,0,3
BRDA:20,2,0,3
BRF:3
BRH:3
end_of_record
TN:
SF:src/constants/index.ts
FNF:0
FNH:0
DA:1,1
DA:2,1
DA:3,1
DA:4,1
DA:5,1
LF:5
LH:5
BRF:0
BRH:0
end_of_record
TN:
SF:src/hooks/useStoreSelector.ts
FN:4,useStoreSelector
FNF:1
FNH:1
FNDA:2,useStoreSelector
DA:5,2
LF:1
LH:1
BRF:0
BRH:0
end_of_record
TN:
SF:src/layouts/LayoutStyles.ts
FN:7,(anonymous_0)
FNF:1
FNH:1
FNDA:3,(anonymous_0)
DA:3,2
DA:7,3
LF:2
LH:2
BRDA:7,0,0,0
BRF:1
BRH:0
end_of_record
TN:
SF:src/layouts/WithHeadbarLayout.tsx
FN:6,(anonymous_0)
FNF:1
FNH:1
FNDA:2,(anonymous_0)
DA:6,1
DA:7,2
DA:8,2
LF:3
LH:3
BRF:0
BRH:0
end_of_record
TN:
SF:src/layouts/WithoutHeadbarLayout.tsx
FN:5,(anonymous_0)
FNF:1
FNH:1
FNDA:1,(anonymous_0)
DA:5,1
DA:6,1
DA:7,1
LF:3
LH:3
BRF:0
BRH:0
end_of_record
TN:
SF:src/modules/App/duck/reducer.ts
FN:17,(anonymous_0)
FN:20,(anonymous_1)
FNF:2
FNH:2
FNDA:1,(anonymous_0)
FNDA:1,(anonymous_1)
DA:9,3
DA:13,3
DA:18,1
DA:21,1
LF:4
LH:4
BRF:0
BRH:0
end_of_record
TN:
SF:src/modules/Field/canvasFunctions.ts
FN:3,(anonymous_0)
FN:19,(anonymous_1)
FN:48,(anonymous_2)
FN:51,(anonymous_3)
FN:52,(anonymous_4)
FNF:5
FNH:5
FNDA:3,(anonymous_0)
FNDA:2,(anonymous_1)
FNDA:1,(anonymous_2)
FNDA:3,(anonymous_3)
FNDA:9,(anonymous_4)
DA:3,1
DA:4,3
DA:5,3
DA:6,3
DA:7,3
DA:19,1
DA:23,2
DA:24,2
DA:25,2
DA:26,2
DA:29,2
DA:32,2
DA:35,2
DA:36,2
DA:37,2
DA:38,2
DA:48,1
DA:49,1
DA:50,1
DA:51,1
DA:52,3
DA:53,9
DA:54,5
DA:55,5
DA:56,5
DA:57,5
LF:26
LH:26
BRDA:53,0,0,5
BRDA:53,0,1,4
BRDA:54,1,0,2
BRDA:54,1,1,3
BRDA:54,2,0,5
BRDA:54,2,1,4
BRDA:55,3,0,1
BRDA:55,3,1,4
BRF:8
BRH:8
end_of_record
TN:
SF:src/modules/Field/helper.ts
FN:1,(anonymous_0)
FN:12,(anonymous_1)
FN:24,(anonymous_2)
FN:39,(anonymous_3)
FN:48,(anonymous_4)
FN:49,(anonymous_5)
FN:60,(anonymous_6)
FN:73,(anonymous_7)
FN:81,(anonymous_8)
FN:82,(anonymous_9)
FN:83,(anonymous_10)
FNF:11
FNH:11
FNDA:16,(anonymous_0)
FNDA:6,(anonymous_1)
FNDA:2,(anonymous_2)
FNDA:2,(anonymous_3)
FNDA:4,(anonymous_4)
FNDA:4,(anonymous_5)
FNDA:30,(anonymous_6)
FNDA:240,(anonymous_7)
FNDA:3,(anonymous_8)
FNDA:9,(anonymous_9)
FNDA:27,(anonymous_10)
DA:1,1
DA:5,16
DA:6,16
DA:7,3
DA:9,13
DA:12,1
DA:16,6
DA:17,6
DA:18,6
DA:24,1
DA:29,2
DA:30,2
DA:31,2
DA:32,2
DA:33,12
DA:34,12
DA:36,2
DA:39,1
DA:45,2
DA:46,2
DA:48,4
DA:49,2
DA:50,4
DA:51,4
DA:52,1
DA:54,3
DA:57,2
DA:60,1
DA:61,30
DA:71,30
DA:72,30
DA:73,30
DA:75,240
DA:76,240
DA:78,30
DA:81,1
DA:82,3
DA:83,9
DA:84,27
DA:85,27
DA:86,27
LF:41
LH:41
BRDA:6,0,0,3
BRDA:6,0,1,13
BRDA:45,1,0,2
BRDA:45,1,1,1
BRDA:45,1,2,1
BRDA:51,2,0,1
BRDA:51,2,1,3
BRDA:51,3,0,4
BRDA:51,3,1,2
BRDA:51,3,2,2
BRDA:75,4,0,240
BRDA:75,4,1,210
BRDA:75,4,2,181
BRDA:75,4,3,157
BRDA:76,5,0,240
BRDA:76,5,1,134
BRDA:85,6,0,9
BRDA:85,6,1,18
BRDA:85,7,0,9
BRDA:85,7,1,9
BRDA:86,8,0,7
BRDA:86,8,1,20
BRF:22
BRH:22
end_of_record
TN:
SF:src/modules/Headbar/Headbar.tsx
FN:8,(anonymous_0)
FN:10,(anonymous_1)
FN:12,(anonymous_2)
FN:15,(anonymous_3)
FNF:4
FNH:2
FNDA:2,(anonymous_0)
FNDA:4,(anonymous_1)
FNDA:0,(anonymous_2)
FNDA:0,(anonymous_3)
DA:8,1
DA:9,2
DA:10,4
DA:12,2
DA:13,0
DA:15,2
DA:16,0
DA:20,2
LF:8
LH:6
BRF:0
BRH:0
end_of_record
TN:
SF:src/modules/Headbar/Header.tsx
FN:9,(anonymous_0)
FNF:1
FNH:1
FNDA:6,(anonymous_0)
DA:9,2
DA:10,6
DA:11,6
DA:13,6
LF:4
LH:4
BRDA:10,0,0,1
BRF:1
BRH:1
end_of_record
TN:
SF:src/modules/Headbar/index.ts
FNF:0
FNH:0
LF:0
LH:0
BRF:0
BRH:0
end_of_record
TN:
SF:src/modules/Login/components/LoginForm/LoginForm.tsx
FN:21,(anonymous_0)
FN:22,(anonymous_1)
FN:26,(anonymous_2)
FN:29,(anonymous_3)
FNF:4
FNH:3
FNDA:3,(anonymous_0)
FNDA:0,(anonymous_1)
FNDA:1,(anonymous_2)
FNDA:1,(anonymous_3)
DA:21,1
DA:22,0
DA:24,3
DA:25,3
DA:26,3
DA:27,1
DA:29,3
DA:30,1
DA:31,1
DA:34,3
LF:10
LH:9
BRDA:22,0,0,0
BRF:1
BRH:0
end_of_record
TN:
SF:src/modules/Login/duck/api.ts
FN:3,(anonymous_0)
FN:9,(anonymous_1)
FN:14,(anonymous_2)
FN:18,(anonymous_3)
FNF:4
FNH:4
FNDA:1,(anonymous_0)
FNDA:1,(anonymous_1)
FNDA:1,(anonymous_2)
FNDA:1,(anonymous_3)
DA:3,2
DA:4,1
DA:6,1
DA:9,2
DA:10,1
DA:11,1
DA:14,2
DA:15,1
DA:16,1
DA:18,2
DA:19,1
DA:20,1
DA:21,1
LF:13
LH:13
BRDA:16,0,0,1
BRDA:16,0,1,1
BRF:2
BRH:2
end_of_record
TN:
SF:src/modules/Login/duck/reducer.ts
FN:19,(anonymous_0)
FN:22,(anonymous_1)
FN:25,(anonymous_2)
FN:30,(anonymous_3)
FN:34,(anonymous_4)
FN:35,(anonymous_5)
FN:38,(anonymous_6)
FN:43,(anonymous_7)
FNF:8
FNH:6
FNDA:0,(anonymous_0)
FNDA:2,(anonymous_1)
FNDA:2,(anonymous_2)
FNDA:1,(anonymous_3)
FNDA:0,(anonymous_4)
FNDA:2,(anonymous_5)
FNDA:2,(anonymous_6)
FNDA:1,(anonymous_7)
DA:9,2
DA:15,2
DA:20,0
DA:23,2
DA:26,2
DA:27,2
DA:28,2
DA:31,1
DA:32,1
DA:34,0
DA:36,2
DA:39,2
DA:40,2
DA:41,2
DA:44,1
DA:45,1
DA:50,2
LF:17
LH:15
BRF:0
BRH:0
end_of_record
TN:
SF:src/modules/Login/duck/saga.ts
FN:8,checkUserWorker
FN:20,logoutWorker
FN:30,loginWorker
FN:43,loginSaga
FNF:4
FNH:3
FNDA:2,checkUserWorker
FNDA:2,logoutWorker
FNDA:2,loginWorker
FNDA:0,loginSaga
DA:9,2
DA:10,2
DA:11,2
DA:12,2
DA:13,1
DA:15,1
DA:17,2
DA:21,2
DA:22,2
DA:23,2
DA:24,1
DA:26,1
DA:31,2
DA:32,2
DA:33,2
DA:34,2
DA:35,2
DA:36,1
DA:39,1
DA:44,0
DA:45,0
DA:46,0
LF:22
LH:19
BRDA:12,0,0,1
BRDA:12,0,1,1
BRDA:34,1,0,2
BRDA:34,1,1,0
BRF:4
BRH:3
end_of_record
TN:
SF:src/utils/delay.ts
FN:1,(anonymous_0)
FN:2,(anonymous_1)
FNF:2
FNH:2
FNDA:6,(anonymous_0)
FNDA:6,(anonymous_1)
DA:1,3
DA:2,6
LF:2
LH:2
BRF:0
BRH:0
end_of_record
